{"/Users/nastakukutina/Documents/workspace/prototypes-constructors/src/js/app.js": {"path":"/Users/nastakukutina/Documents/workspace/prototypes-constructors/src/js/app.js","statementMap":{"0":{"start":{"line":2,"column":2},"end":{"line":2,"column":20}},"1":{"start":{"line":3,"column":2},"end":{"line":3,"column":20}},"2":{"start":{"line":4,"column":2},"end":{"line":4,"column":17}},"3":{"start":{"line":6,"column":2},"end":{"line":10,"column":3}},"4":{"start":{"line":7,"column":4},"end":{"line":7,"column":21}},"5":{"start":{"line":9,"column":4},"end":{"line":9,"column":70}},"6":{"start":{"line":12,"column":21},"end":{"line":19,"column":3}},"7":{"start":{"line":21,"column":2},"end":{"line":25,"column":3}},"8":{"start":{"line":22,"column":4},"end":{"line":24,"column":5}},"9":{"start":{"line":23,"column":6},"end":{"line":23,"column":23}},"10":{"start":{"line":27,"column":2},"end":{"line":29,"column":3}},"11":{"start":{"line":28,"column":4},"end":{"line":28,"column":59}},"12":{"start":{"line":31,"column":2},"end":{"line":31,"column":56}},"13":{"start":{"line":34,"column":0},"end":{"line":41,"column":2}},"14":{"start":{"line":35,"column":23},"end":{"line":35,"column":56}},"15":{"start":{"line":36,"column":2},"end":{"line":40,"column":3}},"16":{"start":{"line":37,"column":4},"end":{"line":37,"column":53}},"17":{"start":{"line":39,"column":4},"end":{"line":39,"column":20}},"18":{"start":{"line":43,"column":13},"end":{"line":43,"column":46}},"19":{"start":{"line":44,"column":0},"end":{"line":44,"column":18}},"20":{"start":{"line":45,"column":0},"end":{"line":45,"column":16}},"21":{"start":{"line":46,"column":0},"end":{"line":46,"column":18}}},"fnMap":{"0":{"name":"Character","decl":{"start":{"line":1,"column":9},"end":{"line":1,"column":18}},"loc":{"start":{"line":1,"column":31},"end":{"line":32,"column":1}},"line":1},"1":{"name":"(anonymous_1)","decl":{"start":{"line":34,"column":29},"end":{"line":34,"column":30}},"loc":{"start":{"line":34,"column":47},"end":{"line":41,"column":1}},"line":34}},"branchMap":{"0":{"loc":{"start":{"line":6,"column":2},"end":{"line":10,"column":3}},"type":"if","locations":[{"start":{"line":6,"column":2},"end":{"line":10,"column":3}},{"start":{"line":8,"column":9},"end":{"line":10,"column":3}}],"line":6},"1":{"loc":{"start":{"line":6,"column":6},"end":{"line":6,"column":41}},"type":"binary-expr","locations":[{"start":{"line":6,"column":6},"end":{"line":6,"column":21}},{"start":{"line":6,"column":25},"end":{"line":6,"column":41}}],"line":6},"2":{"loc":{"start":{"line":22,"column":4},"end":{"line":24,"column":5}},"type":"if","locations":[{"start":{"line":22,"column":4},"end":{"line":24,"column":5}},{"start":{},"end":{}}],"line":22},"3":{"loc":{"start":{"line":27,"column":2},"end":{"line":29,"column":3}},"type":"if","locations":[{"start":{"line":27,"column":2},"end":{"line":29,"column":3}},{"start":{},"end":{}}],"line":27},"4":{"loc":{"start":{"line":36,"column":2},"end":{"line":40,"column":3}},"type":"if","locations":[{"start":{"line":36,"column":2},"end":{"line":40,"column":3}},{"start":{"line":38,"column":9},"end":{"line":40,"column":3}}],"line":36},"5":{"loc":{"start":{"line":36,"column":6},"end":{"line":36,"column":51}},"type":"binary-expr","locations":[{"start":{"line":36,"column":6},"end":{"line":36,"column":21}},{"start":{"line":36,"column":25},"end":{"line":36,"column":51}}],"line":36}},"s":{"0":6,"1":6,"2":6,"3":6,"4":5,"5":1,"6":5,"7":5,"8":30,"9":4,"10":5,"11":1,"12":4,"13":1,"14":4,"15":4,"16":3,"17":1,"18":1,"19":1,"20":1,"21":1},"f":{"0":6,"1":4},"b":{"0":[5,1],"1":[6,5],"2":[4,26],"3":[1,4],"4":[3,1],"5":[4,4]},"_coverageSchema":"1a1c01bbd47fc00a2c39e90264f33305004495a9","hash":"64f77e16e57942f4ceadaabe59cd6ce5976fccc5"}
}
